<?xml version="1.0" encoding="UTF-8"?>
<testsuite name="EditorTest" tests="1" skipped="0" failures="0" errors="0" timestamp="2022-04-23T20:04:59" hostname="Bodams-MacBook-Air.local" time="5.738">
  <properties/>
  <testcase name="start" classname="EditorTest" time="5.738"/>
  <system-out><![CDATA[?[1;31m
Start test 1?[0m
?[1;31m
Start test 2?[0m
]]></system-out>
  <system-err><![CDATA[Warning: the fonts "Times" and "Times" are not available for the Java logical font "Serif", which may have unexpected appearance or behavior. Re-enable the "Times" font to remove this warning.
]]></system-err>
</testsuite>
