<?xml version="1.0" encoding="UTF-8"?>
<testsuite name="EditorTest" tests="1" skipped="0" failures="0" errors="0" timestamp="2022-04-27T15:27:27" hostname="Bodams-MacBook-Air.local" time="24.404">
  <properties/>
  <testcase name="start" classname="EditorTest" time="24.404"/>
  <system-out><![CDATA[?[1;31m
Start test 1?[0m
?[1;31m
Start test 2?[0m
?[1;31m
Start test 3?[0m
?[1;31m
Start test 4?[0m
?[1;31m
Start test 5?[0m
?[1;31m
Start test 6?[0m
?[1;31m
Start test 7?[0m
?[1;31m
Start test 8?[0m
?[1;31m
Start test 9?[0m
?[1;31m
Start test 10?[0m
?[1;31m
Start test 11?[0m
?[1;31m
Start test 12?[0m
?[1;31m
Start test 13?[0m
?[1;31m
Start test 14?[0m
?[1;31m
Start test 15?[0m
?[1;31m
Start test 16?[0m
]]></system-out>
  <system-err><![CDATA[Warning: the fonts "Times" and "Times" are not available for the Java logical font "Serif", which may have unexpected appearance or behavior. Re-enable the "Times" font to remove this warning.
File saved successfully
File saved successfully
File loaded successfully
File saved successfully
File loaded successfully
File saved successfully
File loaded successfully
File saved successfully
File loaded successfully
File saved successfully
File saved successfully
File loaded successfully
File saved successfully
File loaded successfully
File saved successfully
File loaded successfully
File saved successfully
File loaded successfully
]]></system-err>
</testsuite>
